<?xml version="1.0" encoding="UTF-8"?>
<!-- Generated by org.testng.reporters.JUnitReportReporter -->
<testsuite hostname="N-20HEPF0WQ5Q2" name="com.students.tests.StudentGetTest" tests="1" failures="0" timestamp="14 Jul 2019 08:13:25 GMT" time="1.317" errors="0">
  <testcase name="getStudentInfo" time="1.317" classname="com.students.tests.StudentGetTest"/>
</testsuite> <!-- com.students.tests.StudentGetTest -->
