<?xml version="1.0" encoding="UTF-8"?>
<!-- Generated by org.testng.reporters.JUnitReportReporter -->
<testsuite hostname="N-20HEPF0WQ5Q2" name="com.students.tests.StudentPutTest" tests="1" failures="0" timestamp="31 Mar 2019 16:29:00 GMT" time="1.644" errors="0">
  <testcase name="updateStudentInfo" time="1.644" classname="com.students.tests.StudentPutTest"/>
</testsuite> <!-- com.students.tests.StudentPutTest -->
