<?xml version="1.0" encoding="UTF-8"?>
<!-- Generated by org.testng.reporters.JUnitReportReporter -->
<testsuite hostname="N-20HEPF0WQ5Q2" name="com.specification.examples.RequestSpecificationExample" tests="1" failures="0" timestamp="19 Apr 2019 06:39:13 GMT" time="1.220" errors="0">
  <testcase name="test001" time="1.220" classname="com.specification.examples.RequestSpecificationExample"/>
</testsuite> <!-- com.specification.examples.RequestSpecificationExample -->
