<?xml version="1.0" encoding="UTF-8"?>
<!-- Generated by org.testng.reporters.JUnitReportReporter -->
<testsuite hostname="N-20HEPF0WQ5Q2" name="com.responseextraction.rootpath.RootPathExample1" tests="1" failures="0" timestamp="18 Apr 2019 02:54:06 GMT" time="1.889" errors="0">
  <testcase name="test001" time="1.889" classname="com.responseextraction.rootpath.RootPathExample1"/>
</testsuite> <!-- com.responseextraction.rootpath.RootPathExample1 -->
