<?xml version="1.0" encoding="UTF-8"?>
<!-- Generated by org.testng.reporters.JUnitReportReporter -->
<testsuite hostname="N-20HEPF0WQ5Q2" name="com.students.tests.StudentPatchTest" tests="1" failures="0" timestamp="1 Apr 2019 02:02:14 GMT" time="2.013" errors="0">
  <testcase name="updateStudentInfo" time="2.013" classname="com.students.tests.StudentPatchTest"/>
</testsuite> <!-- com.students.tests.StudentPatchTest -->
