<?xml version="1.0" encoding="UTF-8"?>
<!-- Generated by org.testng.reporters.JUnitReportReporter -->
<testsuite hostname="N-20HEPF0WQ5Q2" name="com.responseextraction.rootpath.RootPathExample2" tests="1" failures="0" timestamp="18 Apr 2019 03:06:42 GMT" time="1.925" errors="0">
  <testcase name="test001" time="1.925" classname="com.responseextraction.rootpath.RootPathExample2"/>
</testsuite> <!-- com.responseextraction.rootpath.RootPathExample2 -->
