<?xml version="1.0" encoding="UTF-8"?>
<!-- Generated by org.testng.reporters.JUnitReportReporter -->
<testsuite hostname="N-20HEPF0WQ5Q2" name="com.responseextraction.jsonpathexamples.StudentJsonPathExample" tests="1" failures="0" timestamp="14 Jul 2019 09:57:36 GMT" time="1.740" errors="0">
  <testcase name="test006" time="1.740" classname="com.responseextraction.jsonpathexamples.StudentJsonPathExample"/>
</testsuite> <!-- com.responseextraction.jsonpathexamples.StudentJsonPathExample -->
