<?xml version="1.0" encoding="UTF-8"?>
<!-- Generated by org.testng.reporters.JUnitReportReporter -->
<testsuite hostname="N-20HEPF0WQ5Q2" name="com.students.tests.StudentDeleteTest" tests="1" failures="0" timestamp="3 Apr 2019 00:45:09 GMT" time="1.527" errors="0">
  <testcase name="deleteStudent" time="1.527" classname="com.students.tests.StudentDeleteTest"/>
</testsuite> <!-- com.students.tests.StudentDeleteTest -->
