<?xml version="1.0" encoding="UTF-8"?>
<!-- Generated by org.testng.reporters.JUnitReportReporter -->
<testsuite hostname="N-20HEPF0WQ5Q2" name="com.responseextraction.assertions.AddingAssertions" tests="2" failures="0" timestamp="18 Apr 2019 02:27:02 GMT" time="1.905" errors="0">
  <testcase name="test005" time="1.839" classname="com.responseextraction.assertions.AddingAssertions"/>
  <testcase name="test006" time="0.066" classname="com.responseextraction.assertions.AddingAssertions"/>
</testsuite> <!-- com.responseextraction.assertions.AddingAssertions -->
