<?xml version="1.0" encoding="UTF-8"?>
<!-- Generated by org.testng.reporters.JUnitReportReporter -->
<testsuite hostname="N-20HEPF0WQ5Q2" name="com.students.tests.StudentPostTest" tests="1" failures="0" timestamp="31 Mar 2019 16:16:25 GMT" time="2.000" errors="0">
  <testcase name="createNewStudent" time="2.000" classname="com.students.tests.StudentPostTest"/>
</testsuite> <!-- com.students.tests.StudentPostTest -->
