<?xml version="1.0" encoding="UTF-8"?>
<!-- Generated by org.testng.reporters.JUnitReportReporter -->
<testsuite hostname="DELL-PC" name="com.students.tests.serializationAndDeserialization" tests="1" failures="0" timestamp="26 Jan 2022 06:48:06 GMT" time="5.979" errors="0">
  <testcase name="deSerializeSingleObject" time="5.979" classname="com.students.tests.serializationAndDeserialization"/>
</testsuite> <!-- com.students.tests.serializationAndDeserialization -->
