<?xml version="1.0" encoding="UTF-8"?>
<!-- Generated by org.testng.reporters.JUnitReportReporter -->
<testsuite hostname="N-20HEPF0WQ5Q2" name="com.students.tests.LoggingRequestValues" tests="1" failures="0" timestamp="3 Apr 2019 00:43:00 GMT" time="1.595" errors="0">
  <testcase name="test005" time="1.595" classname="com.students.tests.LoggingRequestValues"/>
</testsuite> <!-- com.students.tests.LoggingRequestValues -->
