<?xml version="1.0" encoding="UTF-8"?>
<!-- Generated by org.testng.reporters.JUnitReportReporter -->
<testsuite hostname="N-20HEPF0WQ5Q2" name="com.students.tests.LoggingResponseValues" tests="1" failures="0" timestamp="3 Apr 2019 01:20:09 GMT" time="1.037" errors="0">
  <testcase name="test004" time="1.037" classname="com.students.tests.LoggingResponseValues"/>
</testsuite> <!-- com.students.tests.LoggingResponseValues -->
